0 info it worked if it ends with ok
1 verbose cli [ '/usr/bin/node',
1 verbose cli   '/home/pengnenghui/.npm-global/bin/npm',
1 verbose cli   'run',
1 verbose cli   'pro' ]
2 info using npm@3.8.6
3 info using node@v8.11.3
4 verbose stack Error: ENOENT: no such file or directory, open '/opt/home/pengnenghui/package.json'
5 verbose cwd /opt/home/pengnenghui/go_workspace/gopath/src/github.com/epicmr/auto_release
6 error Linux 2.6.32-696.20.1.el6.x86_64
7 error argv "/usr/bin/node" "/home/pengnenghui/.npm-global/bin/npm" "run" "pro"
8 error node v8.11.3
9 error npm  v3.8.6
10 error path /opt/home/pengnenghui/package.json
11 error code ENOENT
12 error errno -2
13 error syscall open
14 error enoent ENOENT: no such file or directory, open '/opt/home/pengnenghui/package.json'
15 error enoent ENOENT: no such file or directory, open '/opt/home/pengnenghui/package.json'
15 error enoent This is most likely not a problem with npm itself
15 error enoent and is related to npm not being able to find a file.
16 verbose exit [ -2, true ]
