0 info it worked if it ends with ok
1 verbose cli [ '/usr/bin/node',
1 verbose cli   '/home/pengnenghui/.npm-global/bin/npm',
1 verbose cli   'run',
1 verbose cli   'prod' ]
2 info using npm@3.8.6
3 info using node@v8.11.3
4 verbose stack Error: missing script: prod
4 verbose stack     at run (/opt/home/pengnenghui/.npm-global/lib/node_modules/npm/lib/run-script.js:147:19)
4 verbose stack     at /opt/home/pengnenghui/.npm-global/lib/node_modules/npm/lib/run-script.js:57:5
4 verbose stack     at /opt/home/pengnenghui/.npm-global/lib/node_modules/npm/node_modules/read-package-json/read-json.js:345:5
4 verbose stack     at checkBinReferences_ (/opt/home/pengnenghui/.npm-global/lib/node_modules/npm/node_modules/read-package-json/read-json.js:309:45)
4 verbose stack     at final (/opt/home/pengnenghui/.npm-global/lib/node_modules/npm/node_modules/read-package-json/read-json.js:343:3)
4 verbose stack     at then (/opt/home/pengnenghui/.npm-global/lib/node_modules/npm/node_modules/read-package-json/read-json.js:113:5)
4 verbose stack     at ReadFileContext.<anonymous> (/opt/home/pengnenghui/.npm-global/lib/node_modules/npm/node_modules/read-package-json/read-json.js:284:20)
4 verbose stack     at ReadFileContext.callback (/opt/home/pengnenghui/.npm-global/lib/node_modules/npm/node_modules/graceful-fs/graceful-fs.js:78:16)
4 verbose stack     at FSReqWrap.readFileAfterOpen [as oncomplete] (fs.js:420:13)
5 verbose cwd /opt/home/pengnenghui/go_workspace/gopath/src/auto_release/web
6 error Linux 2.6.32-696.20.1.el6.x86_64
7 error argv "/usr/bin/node" "/home/pengnenghui/.npm-global/bin/npm" "run" "prod"
8 error node v8.11.3
9 error npm  v3.8.6
10 error missing script: prod
11 error If you need help, you may report this error at:
11 error     <https://github.com/npm/npm/issues>
12 verbose exit [ 1, true ]
